  [1m[36mFlight Count (28.1ms)[0m  [1m[34mSELECT COUNT(*) FROM "flight" /*application='FlightsApp'*/[0m
  [1m[36mFlight Eager Load (1.5ms)[0m  [1m[34mSELECT "flight"."flight_number" AS t0_r0, "flight"."departure_date" AS t0_r1, "flight"."plane_type" AS t0_r2, "flightservice"."flight_number" AS t1_r0, "flightservice"."airline_name" AS t1_r1, "flightservice"."origin_code" AS t1_r2, "flightservice"."dest_code" AS t1_r3, "flightservice"."departure_time" AS t1_r4, "flightservice"."duration" AS t1_r5, "aircraft"."plane_type" AS t2_r0, "aircraft"."capacity" AS t2_r1 FROM "flight" INNER JOIN "flightservice" ON "flightservice"."flight_number" = "flight"."flight_number" LEFT OUTER JOIN "aircraft" ON "aircraft"."plane_type" = "flight"."plane_type" WHERE "flightservice"."origin_code" = 'JFK' AND "flightservice"."dest_code" = 'LAX' AND "flight"."departure_date" BETWEEN '2025-12-29' AND '2025-12-31' ORDER BY "flight"."departure_date" ASC, "flight"."flight_number" ASC /*application='FlightsApp'*/[0m
  [1m[36mBooking Count (0.6ms)[0m  [1m[34mSELECT COUNT(*) FROM "booking" WHERE "booking"."flight_number" = 'AA101' AND "booking"."departure_date" = '2025-12-29' /*application='FlightsApp'*/[0m
  ↳ app/models/flight.rb:20:in 'Flight#booked_seats_count'
  [1m[36mBooking Count (0.1ms)[0m  [1m[34mSELECT COUNT(*) FROM "booking" WHERE "booking"."flight_number" = 'AA101' AND "booking"."departure_date" = '2025-12-31' /*application='FlightsApp'*/[0m
  ↳ app/models/flight.rb:20:in 'Flight#booked_seats_count'
  [1m[36mBooking Count (0.1ms)[0m  [1m[34mSELECT COUNT(*) FROM "booking" WHERE "booking"."flight_number" = 'AA205' AND "booking"."departure_date" = '2025-12-31' /*application='FlightsApp'*/[0m
  ↳ app/models/flight.rb:20:in 'Flight#booked_seats_count'
Started GET "/" for 127.0.0.1 at 2026-04-09 23:43:22 -0400
  [1m[35m (29.4ms)[0m  [1m[35mCREATE TABLE "schema_migrations" ("version" character varying NOT NULL PRIMARY KEY) /*application='FlightsApp'*/[0m
  [1m[35m (13.6ms)[0m  [1m[35mCREATE TABLE "ar_internal_metadata" ("key" character varying NOT NULL PRIMARY KEY, "value" character varying, "created_at" timestamp(6) NOT NULL, "updated_at" timestamp(6) NOT NULL) /*application='FlightsApp'*/[0m
  [1m[36mActiveRecord::SchemaMigration Load (0.4ms)[0m  [1m[34mSELECT "schema_migrations"."version" FROM "schema_migrations" ORDER BY "schema_migrations"."version" ASC /*application='FlightsApp'*/[0m
Processing by FlightsController#index as HTML
  Rendering layout layouts/application.html.erb
  Rendering flights/index.html.erb within layouts/application
  Rendered flights/index.html.erb within layouts/application (Duration: 2.8ms | GC: 0.0ms)
  Rendered layout layouts/application.html.erb (Duration: 4.8ms | GC: 0.0ms)
Completed 200 OK in 22ms (Views: 8.0ms | ActiveRecord: 0.0ms (0 queries, 0 cached) | GC: 0.0ms)


Started POST "/flights/search" for 127.0.0.1 at 2026-04-09 23:45:33 -0400
Processing by FlightsController#search as HTML
  Parameters: {"authenticity_token" => "[FILTERED]", "origin" => "JFK", "destination" => "LAX", "start_date" => "2026-04-09", "end_date" => "2026-04-09", "commit" => "Search flights"}
  Rendering layout layouts/application.html.erb
  Rendering flights/index.html.erb within layouts/application
  [1m[36mFlight Exists? (0.8ms)[0m  [1m[34mSELECT 1 AS one FROM "flight" INNER JOIN "flightservice" ON "flightservice"."flight_number" = "flight"."flight_number" LEFT OUTER JOIN "aircraft" ON "aircraft"."plane_type" = "flight"."plane_type" WHERE "flightservice"."origin_code" = 'JFK' AND "flightservice"."dest_code" = 'LAX' AND "flight"."departure_date" = '2026-04-09' LIMIT 1 /*action='search',application='FlightsApp',controller='flights'*/[0m
  ↳ app/views/flights/index.html.erb:29
  Rendered flights/index.html.erb within layouts/application (Duration: 19.7ms | GC: 12.9ms)
  Rendered layout layouts/application.html.erb (Duration: 20.3ms | GC: 12.9ms)
Completed 200 OK in 43ms (Views: 19.0ms | ActiveRecord: 5.2ms (1 query, 0 cached) | GC: 12.9ms)


Started POST "/flights/search" for 127.0.0.1 at 2026-04-09 23:45:42 -0400
Processing by FlightsController#search as HTML
  Parameters: {"authenticity_token" => "[FILTERED]", "origin" => "JFK", "destination" => "LAX", "start_date" => "2026-04-09", "end_date" => "2026-04-22", "commit" => "Search flights"}
  Rendering layout layouts/application.html.erb
  Rendering flights/index.html.erb within layouts/application
  [1m[36mFlight Exists? (0.5ms)[0m  [1m[34mSELECT 1 AS one FROM "flight" INNER JOIN "flightservice" ON "flightservice"."flight_number" = "flight"."flight_number" LEFT OUTER JOIN "aircraft" ON "aircraft"."plane_type" = "flight"."plane_type" WHERE "flightservice"."origin_code" = 'JFK' AND "flightservice"."dest_code" = 'LAX' AND "flight"."departure_date" BETWEEN '2026-04-09' AND '2026-04-22' LIMIT 1 /*action='search',application='FlightsApp',controller='flights'*/[0m
  ↳ app/views/flights/index.html.erb:29
  Rendered flights/index.html.erb within layouts/application (Duration: 1.8ms | GC: 0.0ms)
  Rendered layout layouts/application.html.erb (Duration: 2.2ms | GC: 0.0ms)
Completed 200 OK in 4ms (Views: 2.1ms | ActiveRecord: 0.5ms (1 query, 0 cached) | GC: 0.0ms)


Started POST "/flights/search" for 127.0.0.1 at 2026-04-09 23:46:08 -0400
Processing by FlightsController#search as HTML
  Parameters: {"authenticity_token" => "[FILTERED]", "origin" => "JFK", "destination" => "LAX", "start_date" => "2025-11-07", "end_date" => "2026-04-22", "commit" => "Search flights"}
  Rendering layout layouts/application.html.erb
  Rendering flights/index.html.erb within layouts/application
  [1m[36mFlight Exists? (0.4ms)[0m  [1m[34mSELECT 1 AS one FROM "flight" INNER JOIN "flightservice" ON "flightservice"."flight_number" = "flight"."flight_number" LEFT OUTER JOIN "aircraft" ON "aircraft"."plane_type" = "flight"."plane_type" WHERE "flightservice"."origin_code" = 'JFK' AND "flightservice"."dest_code" = 'LAX' AND "flight"."departure_date" BETWEEN '2025-11-07' AND '2026-04-22' LIMIT 1 /*action='search',application='FlightsApp',controller='flights'*/[0m
  ↳ app/views/flights/index.html.erb:29
  [1m[36mFlight Eager Load (0.3ms)[0m  [1m[34mSELECT "flight"."flight_number" AS t0_r0, "flight"."departure_date" AS t0_r1, "flight"."plane_type" AS t0_r2, "flightservice"."flight_number" AS t1_r0, "flightservice"."airline_name" AS t1_r1, "flightservice"."origin_code" AS t1_r2, "flightservice"."dest_code" AS t1_r3, "flightservice"."departure_time" AS t1_r4, "flightservice"."duration" AS t1_r5, "aircraft"."plane_type" AS t2_r0, "aircraft"."capacity" AS t2_r1 FROM "flight" INNER JOIN "flightservice" ON "flightservice"."flight_number" = "flight"."flight_number" LEFT OUTER JOIN "aircraft" ON "aircraft"."plane_type" = "flight"."plane_type" WHERE "flightservice"."origin_code" = 'JFK' AND "flightservice"."dest_code" = 'LAX' AND "flight"."departure_date" BETWEEN '2025-11-07' AND '2026-04-22' ORDER BY "flight"."departure_date" ASC, "flight"."flight_number" ASC /*action='search',application='FlightsApp',controller='flights'*/[0m
  ↳ app/views/flights/index.html.erb:43
  Rendered flights/index.html.erb within layouts/application (Duration: 20.8ms | GC: 1.7ms)
  Rendered layout layouts/application.html.erb (Duration: 21.5ms | GC: 1.7ms)
Completed 200 OK in 23ms (Views: 20.9ms | ActiveRecord: 1.1ms (2 queries, 0 cached) | GC: 1.7ms)


Started GET "/flights/AA101/2025-12-29" for 127.0.0.1 at 2026-04-09 23:46:28 -0400
Processing by FlightsController#show as HTML
  Parameters: {"flight_number" => "AA101", "departure_date" => "2025-12-29"}
  [1m[36mFlight Load (0.4ms)[0m  [1m[34mSELECT "flight".* FROM "flight" WHERE "flight"."flight_number" = 'AA101' AND "flight"."departure_date" = '2025-12-29' LIMIT 1 /*action='show',application='FlightsApp',controller='flights'*/[0m
  ↳ app/controllers/flights_controller.rb:58:in 'FlightsController#show'
  [1m[36mFlightService Load (0.3ms)[0m  [1m[34mSELECT "flightservice".* FROM "flightservice" WHERE "flightservice"."flight_number" = 'AA101' /*action='show',application='FlightsApp',controller='flights'*/[0m
  ↳ app/controllers/flights_controller.rb:58:in 'FlightsController#show'
  [1m[36mAircraft Load (0.2ms)[0m  [1m[34mSELECT "aircraft".* FROM "aircraft" WHERE "aircraft"."plane_type" = 'Boeing 737' /*action='show',application='FlightsApp',controller='flights'*/[0m
  ↳ app/controllers/flights_controller.rb:58:in 'FlightsController#show'
  Rendering layout layouts/application.html.erb
  Rendering flights/show.html.erb within layouts/application
  [1m[36mBooking Count (0.3ms)[0m  [1m[34mSELECT COUNT(*) FROM "booking" WHERE "booking"."flight_number" = 'AA101' AND "booking"."departure_date" = '2025-12-29' /*action='show',application='FlightsApp',controller='flights'*/[0m
  ↳ app/models/flight.rb:20:in 'Flight#booked_seats_count'
  [1m[36mCACHE Booking Count (0.0ms)[0m  [1m[34mSELECT COUNT(*) FROM "booking" WHERE "booking"."flight_number" = 'AA101' AND "booking"."departure_date" = '2025-12-29'[0m
  ↳ app/models/flight.rb:20:in 'Flight#booked_seats_count'
  Rendered flights/show.html.erb within layouts/application (Duration: 4.9ms | GC: 0.0ms)
  Rendered layout layouts/application.html.erb (Duration: 5.7ms | GC: 0.0ms)
Completed 200 OK in 20ms (Views: 4.9ms | ActiveRecord: 2.0ms (5 queries, 1 cached) | GC: 3.3ms)


Started GET "/" for 127.0.0.1 at 2026-04-09 23:49:42 -0400
  [1m[36mActiveRecord::SchemaMigration Load (0.5ms)[0m  [1m[34mSELECT "schema_migrations"."version" FROM "schema_migrations" ORDER BY "schema_migrations"."version" ASC /*application='FlightsApp'*/[0m
Processing by FlightsController#index as HTML
  Rendering layout layouts/application.html.erb
  Rendering flights/index.html.erb within layouts/application
  Rendered flights/index.html.erb within layouts/application (Duration: 3.0ms | GC: 0.0ms)
  Rendered layout layouts/application.html.erb (Duration: 5.1ms | GC: 0.0ms)
Completed 200 OK in 11ms (Views: 6.9ms | ActiveRecord: 0.0ms (0 queries, 0 cached) | GC: 0.0ms)


Started POST "/flights/search" for 127.0.0.1 at 2026-04-09 23:50:00 -0400
Processing by FlightsController#search as HTML
  Parameters: {"authenticity_token" => "[FILTERED]", "origin" => "JFK", "destination" => "LAX", "start_date" => "2025-06-09", "end_date" => "2026-04-09", "commit" => "Search flights"}
  Rendering layout layouts/application.html.erb
  Rendering flights/index.html.erb within layouts/application
  [1m[36mFlight Exists? (0.5ms)[0m  [1m[34mSELECT 1 AS one FROM "flight" INNER JOIN "flightservice" ON "flightservice"."flight_number" = "flight"."flight_number" LEFT OUTER JOIN "aircraft" ON "aircraft"."plane_type" = "flight"."plane_type" WHERE "flightservice"."origin_code" = 'JFK' AND "flightservice"."dest_code" = 'LAX' AND "flight"."departure_date" BETWEEN '2025-06-09' AND '2026-04-09' LIMIT 1 /*action='search',application='FlightsApp',controller='flights'*/[0m
  ↳ app/views/flights/index.html.erb:29
  [1m[36mFlight Eager Load (0.3ms)[0m  [1m[34mSELECT "flight"."flight_number" AS t0_r0, "flight"."departure_date" AS t0_r1, "flight"."plane_type" AS t0_r2, "flightservice"."flight_number" AS t1_r0, "flightservice"."airline_name" AS t1_r1, "flightservice"."origin_code" AS t1_r2, "flightservice"."dest_code" AS t1_r3, "flightservice"."departure_time" AS t1_r4, "flightservice"."duration" AS t1_r5, "aircraft"."plane_type" AS t2_r0, "aircraft"."capacity" AS t2_r1 FROM "flight" INNER JOIN "flightservice" ON "flightservice"."flight_number" = "flight"."flight_number" LEFT OUTER JOIN "aircraft" ON "aircraft"."plane_type" = "flight"."plane_type" WHERE "flightservice"."origin_code" = 'JFK' AND "flightservice"."dest_code" = 'LAX' AND "flight"."departure_date" BETWEEN '2025-06-09' AND '2026-04-09' ORDER BY "flight"."departure_date" ASC, "flight"."flight_number" ASC /*action='search',application='FlightsApp',controller='flights'*/[0m
  ↳ app/views/flights/index.html.erb:43
  Rendered flights/index.html.erb within layouts/application (Duration: 14.9ms | GC: 0.0ms)
  Rendered layout layouts/application.html.erb (Duration: 15.5ms | GC: 0.0ms)
Completed 200 OK in 39ms (Views: 13.7ms | ActiveRecord: 6.0ms (2 queries, 0 cached) | GC: 0.0ms)


Started GET "/flights/AA101/2025-12-29" for 127.0.0.1 at 2026-04-09 23:50:03 -0400
Processing by FlightsController#show as HTML
  Parameters: {"flight_number" => "AA101", "departure_date" => "2025-12-29"}
  [1m[36mFlight Load (0.4ms)[0m  [1m[34mSELECT "flight".* FROM "flight" WHERE "flight"."flight_number" = 'AA101' AND "flight"."departure_date" = '2025-12-29' LIMIT 1 /*action='show',application='FlightsApp',controller='flights'*/[0m
  ↳ app/controllers/flights_controller.rb:58:in 'FlightsController#show'
  [1m[36mFlightService Load (0.4ms)[0m  [1m[34mSELECT "flightservice".* FROM "flightservice" WHERE "flightservice"."flight_number" = 'AA101' /*action='show',application='FlightsApp',controller='flights'*/[0m
  ↳ app/controllers/flights_controller.rb:58:in 'FlightsController#show'
  [1m[36mAircraft Load (0.2ms)[0m  [1m[34mSELECT "aircraft".* FROM "aircraft" WHERE "aircraft"."plane_type" = 'Boeing 737' /*action='show',application='FlightsApp',controller='flights'*/[0m
  ↳ app/controllers/flights_controller.rb:58:in 'FlightsController#show'
  Rendering layout layouts/application.html.erb
  Rendering flights/show.html.erb within layouts/application
  [1m[36mBooking Count (0.2ms)[0m  [1m[34mSELECT COUNT(*) FROM "booking" WHERE "booking"."flight_number" = 'AA101' AND "booking"."departure_date" = '2025-12-29' /*action='show',application='FlightsApp',controller='flights'*/[0m
  ↳ app/models/flight.rb:20:in 'Flight#booked_seats_count'
  [1m[36mCACHE Booking Count (0.0ms)[0m  [1m[34mSELECT COUNT(*) FROM "booking" WHERE "booking"."flight_number" = 'AA101' AND "booking"."departure_date" = '2025-12-29'[0m
  ↳ app/models/flight.rb:20:in 'Flight#booked_seats_count'
  Rendered flights/show.html.erb within layouts/application (Duration: 4.1ms | GC: 0.0ms)
  Rendered layout layouts/application.html.erb (Duration: 4.9ms | GC: 0.0ms)
Completed 200 OK in 11ms (Views: 4.2ms | ActiveRecord: 1.8ms (5 queries, 1 cached) | GC: 0.0ms)


Started GET "/" for 127.0.0.1 at 2026-04-10 12:58:51 -0400
  [1m[35m (14.1ms)[0m  [1m[35mCREATE TABLE "schema_migrations" ("version" character varying NOT NULL PRIMARY KEY) /*application='FlightsApp'*/[0m
  [1m[35m (14.0ms)[0m  [1m[35mCREATE TABLE "ar_internal_metadata" ("key" character varying NOT NULL PRIMARY KEY, "value" character varying, "created_at" timestamp(6) NOT NULL, "updated_at" timestamp(6) NOT NULL) /*application='FlightsApp'*/[0m
  [1m[36mActiveRecord::SchemaMigration Load (0.4ms)[0m  [1m[34mSELECT "schema_migrations"."version" FROM "schema_migrations" ORDER BY "schema_migrations"."version" ASC /*application='FlightsApp'*/[0m
Processing by FlightsController#index as HTML
  Rendering layout layouts/application.html.erb
  Rendering flights/index.html.erb within layouts/application
  Rendered flights/index.html.erb within layouts/application (Duration: 5.5ms | GC: 0.0ms)
  Rendered layout layouts/application.html.erb (Duration: 7.9ms | GC: 0.0ms)
Completed 200 OK in 19ms (Views: 10.3ms | ActiveRecord: 0.0ms (0 queries, 0 cached) | GC: 0.0ms)


Started POST "/flights/search" for 127.0.0.1 at 2026-04-10 12:59:03 -0400
Processing by FlightsController#search as HTML
  Parameters: {"authenticity_token" => "[FILTERED]", "origin" => "JFK", "destination" => "LAX", "start_date" => "2025-11-12", "end_date" => "2026-04-10", "commit" => "Search flights"}
  Rendering layout layouts/application.html.erb
  Rendering flights/index.html.erb within layouts/application
  [1m[36mFlight Exists? (0.5ms)[0m  [1m[34mSELECT 1 AS one FROM "flight" INNER JOIN "flightservice" ON "flightservice"."flight_number" = "flight"."flight_number" LEFT OUTER JOIN "aircraft" ON "aircraft"."plane_type" = "flight"."plane_type" WHERE "flightservice"."origin_code" = 'JFK' AND "flightservice"."dest_code" = 'LAX' AND "flight"."departure_date" BETWEEN '2025-11-12' AND '2026-04-10' LIMIT 1 /*action='search',application='FlightsApp',controller='flights'*/[0m
  ↳ app/views/flights/index.html.erb:29
  [1m[36mFlight Eager Load (0.3ms)[0m  [1m[34mSELECT "flight"."flight_number" AS t0_r0, "flight"."departure_date" AS t0_r1, "flight"."plane_type" AS t0_r2, "flightservice"."flight_number" AS t1_r0, "flightservice"."airline_name" AS t1_r1, "flightservice"."origin_code" AS t1_r2, "flightservice"."dest_code" AS t1_r3, "flightservice"."departure_time" AS t1_r4, "flightservice"."duration" AS t1_r5, "aircraft"."plane_type" AS t2_r0, "aircraft"."capacity" AS t2_r1 FROM "flight" INNER JOIN "flightservice" ON "flightservice"."flight_number" = "flight"."flight_number" LEFT OUTER JOIN "aircraft" ON "aircraft"."plane_type" = "flight"."plane_type" WHERE "flightservice"."origin_code" = 'JFK' AND "flightservice"."dest_code" = 'LAX' AND "flight"."departure_date" BETWEEN '2025-11-12' AND '2026-04-10' ORDER BY "flight"."departure_date" ASC, "flight"."flight_number" ASC /*action='search',application='FlightsApp',controller='flights'*/[0m
  ↳ app/views/flights/index.html.erb:43
  Rendered flights/index.html.erb within layouts/application (Duration: 15.3ms | GC: 0.0ms)
  Rendered layout layouts/application.html.erb (Duration: 15.8ms | GC: 0.0ms)
Completed 200 OK in 36ms (Views: 14.4ms | ActiveRecord: 5.4ms (2 queries, 0 cached) | GC: 0.0ms)


Started GET "/flights/AA101/2025-12-29" for 127.0.0.1 at 2026-04-10 12:59:05 -0400
Processing by FlightsController#show as HTML
  Parameters: {"flight_number" => "AA101", "departure_date" => "2025-12-29"}
  [1m[36mFlight Load (0.3ms)[0m  [1m[34mSELECT "flight".* FROM "flight" WHERE "flight"."flight_number" = 'AA101' AND "flight"."departure_date" = '2025-12-29' LIMIT 1 /*action='show',application='FlightsApp',controller='flights'*/[0m
  ↳ app/controllers/flights_controller.rb:58:in 'FlightsController#show'
  [1m[36mFlightService Load (0.2ms)[0m  [1m[34mSELECT "flightservice".* FROM "flightservice" WHERE "flightservice"."flight_number" = 'AA101' /*action='show',application='FlightsApp',controller='flights'*/[0m
  ↳ app/controllers/flights_controller.rb:58:in 'FlightsController#show'
  [1m[36mAircraft Load (0.2ms)[0m  [1m[34mSELECT "aircraft".* FROM "aircraft" WHERE "aircraft"."plane_type" = 'Boeing 737' /*action='show',application='FlightsApp',controller='flights'*/[0m
  ↳ app/controllers/flights_controller.rb:58:in 'FlightsController#show'
  Rendering layout layouts/application.html.erb
  Rendering flights/show.html.erb within layouts/application
  [1m[36mBooking Count (0.4ms)[0m  [1m[34mSELECT COUNT(*) FROM "booking" WHERE "booking"."flight_number" = 'AA101' AND "booking"."departure_date" = '2025-12-29' /*action='show',application='FlightsApp',controller='flights'*/[0m
  ↳ app/models/flight.rb:20:in 'Flight#booked_seats_count'
  [1m[36mCACHE Booking Count (0.0ms)[0m  [1m[34mSELECT COUNT(*) FROM "booking" WHERE "booking"."flight_number" = 'AA101' AND "booking"."departure_date" = '2025-12-29'[0m
  ↳ app/models/flight.rb:20:in 'Flight#booked_seats_count'
  Rendered flights/show.html.erb within layouts/application (Duration: 3.8ms | GC: 0.0ms)
  Rendered layout layouts/application.html.erb (Duration: 4.4ms | GC: 0.0ms)
Completed 200 OK in 11ms (Views: 3.8ms | ActiveRecord: 1.8ms (5 queries, 1 cached) | GC: 0.0ms)


Started GET "/" for 127.0.0.1 at 2026-04-10 12:59:56 -0400
  [1m[35m (21.9ms)[0m  [1m[35mCREATE TABLE "schema_migrations" ("version" character varying NOT NULL PRIMARY KEY) /*application='FlightsApp'*/[0m
  [1m[35m (13.1ms)[0m  [1m[35mCREATE TABLE "ar_internal_metadata" ("key" character varying NOT NULL PRIMARY KEY, "value" character varying, "created_at" timestamp(6) NOT NULL, "updated_at" timestamp(6) NOT NULL) /*application='FlightsApp'*/[0m
  [1m[36mActiveRecord::SchemaMigration Load (0.6ms)[0m  [1m[34mSELECT "schema_migrations"."version" FROM "schema_migrations" ORDER BY "schema_migrations"."version" ASC /*application='FlightsApp'*/[0m
Processing by FlightsController#index as HTML
  Rendering layout layouts/application.html.erb
  Rendering flights/index.html.erb within layouts/application
  Rendered flights/index.html.erb within layouts/application (Duration: 4.3ms | GC: 0.0ms)
  Rendered layout layouts/application.html.erb (Duration: 6.4ms | GC: 0.0ms)
Completed 200 OK in 12ms (Views: 8.0ms | ActiveRecord: 0.0ms (0 queries, 0 cached) | GC: 0.0ms)


Started POST "/flights/search" for 127.0.0.1 at 2026-04-10 13:00:04 -0400
Processing by FlightsController#search as HTML
  Parameters: {"authenticity_token" => "[FILTERED]", "origin" => "JFK", "destination" => "LAX", "start_date" => "2025-10-09", "end_date" => "2026-04-10", "commit" => "Search flights"}
  Rendering layout layouts/application.html.erb
  Rendering flights/index.html.erb within layouts/application
  [1m[36mFlight Exists? (0.6ms)[0m  [1m[34mSELECT 1 AS one FROM "flight" INNER JOIN "flightservice" ON "flightservice"."flight_number" = "flight"."flight_number" LEFT OUTER JOIN "aircraft" ON "aircraft"."plane_type" = "flight"."plane_type" WHERE "flightservice"."origin_code" = 'JFK' AND "flightservice"."dest_code" = 'LAX' AND "flight"."departure_date" BETWEEN '2025-10-09' AND '2026-04-10' LIMIT 1 /*action='search',application='FlightsApp',controller='flights'*/[0m
  ↳ app/views/flights/index.html.erb:29
  [1m[36mFlight Eager Load (0.3ms)[0m  [1m[34mSELECT "flight"."flight_number" AS t0_r0, "flight"."departure_date" AS t0_r1, "flight"."plane_type" AS t0_r2, "flightservice"."flight_number" AS t1_r0, "flightservice"."airline_name" AS t1_r1, "flightservice"."origin_code" AS t1_r2, "flightservice"."dest_code" AS t1_r3, "flightservice"."departure_time" AS t1_r4, "flightservice"."duration" AS t1_r5, "aircraft"."plane_type" AS t2_r0, "aircraft"."capacity" AS t2_r1 FROM "flight" INNER JOIN "flightservice" ON "flightservice"."flight_number" = "flight"."flight_number" LEFT OUTER JOIN "aircraft" ON "aircraft"."plane_type" = "flight"."plane_type" WHERE "flightservice"."origin_code" = 'JFK' AND "flightservice"."dest_code" = 'LAX' AND "flight"."departure_date" BETWEEN '2025-10-09' AND '2026-04-10' ORDER BY "flight"."departure_date" ASC, "flight"."flight_number" ASC /*action='search',application='FlightsApp',controller='flights'*/[0m
  ↳ app/views/flights/index.html.erb:43
  Rendered flights/index.html.erb within layouts/application (Duration: 14.5ms | GC: 0.0ms)
  Rendered layout layouts/application.html.erb (Duration: 15.1ms | GC: 0.0ms)
Completed 200 OK in 33ms (Views: 13.5ms | ActiveRecord: 5.6ms (2 queries, 0 cached) | GC: 0.0ms)


Started GET "/flights/AA101/2025-12-29" for 127.0.0.1 at 2026-04-10 13:00:05 -0400
Processing by FlightsController#show as HTML
  Parameters: {"flight_number" => "AA101", "departure_date" => "2025-12-29"}
  [1m[36mFlight Load (0.7ms)[0m  [1m[34mSELECT "flight".* FROM "flight" WHERE "flight"."flight_number" = 'AA101' AND "flight"."departure_date" = '2025-12-29' LIMIT 1 /*action='show',application='FlightsApp',controller='flights'*/[0m
  ↳ app/controllers/flights_controller.rb:58:in 'FlightsController#show'
  [1m[36mFlightService Load (0.2ms)[0m  [1m[34mSELECT "flightservice".* FROM "flightservice" WHERE "flightservice"."flight_number" = 'AA101' /*action='show',application='FlightsApp',controller='flights'*/[0m
  ↳ app/controllers/flights_controller.rb:58:in 'FlightsController#show'
  [1m[36mAircraft Load (0.1ms)[0m  [1m[34mSELECT "aircraft".* FROM "aircraft" WHERE "aircraft"."plane_type" = 'Boeing 737' /*action='show',application='FlightsApp',controller='flights'*/[0m
  ↳ app/controllers/flights_controller.rb:58:in 'FlightsController#show'
  Rendering layout layouts/application.html.erb
  Rendering flights/show.html.erb within layouts/application
  [1m[36mBooking Count (0.6ms)[0m  [1m[34mSELECT COUNT(*) FROM "booking" WHERE "booking"."flight_number" = 'AA101' AND "booking"."departure_date" = '2025-12-29' /*action='show',application='FlightsApp',controller='flights'*/[0m
  ↳ app/models/flight.rb:20:in 'Flight#booked_seats_count'
  [1m[36mCACHE Booking Count (0.0ms)[0m  [1m[34mSELECT COUNT(*) FROM "booking" WHERE "booking"."flight_number" = 'AA101' AND "booking"."departure_date" = '2025-12-29'[0m
  ↳ app/models/flight.rb:20:in 'Flight#booked_seats_count'
  Rendered flights/show.html.erb within layouts/application (Duration: 19.8ms | GC: 14.7ms)
  Rendered layout layouts/application.html.erb (Duration: 20.7ms | GC: 14.7ms)
Completed 200 OK in 28ms (Views: 19.5ms | ActiveRecord: 2.4ms (5 queries, 1 cached) | GC: 14.7ms)


Started GET "/" for 127.0.0.1 at 2026-04-10 13:00:52 -0400
  [1m[35m (22.1ms)[0m  [1m[35mCREATE TABLE "schema_migrations" ("version" character varying NOT NULL PRIMARY KEY) /*application='FlightsApp'*/[0m
  [1m[35m (14.2ms)[0m  [1m[35mCREATE TABLE "ar_internal_metadata" ("key" character varying NOT NULL PRIMARY KEY, "value" character varying, "created_at" timestamp(6) NOT NULL, "updated_at" timestamp(6) NOT NULL) /*application='FlightsApp'*/[0m
  [1m[36mActiveRecord::SchemaMigration Load (0.5ms)[0m  [1m[34mSELECT "schema_migrations"."version" FROM "schema_migrations" ORDER BY "schema_migrations"."version" ASC /*application='FlightsApp'*/[0m
Processing by FlightsController#index as HTML
  Rendering layout layouts/application.html.erb
  Rendering flights/index.html.erb within layouts/application
  Rendered flights/index.html.erb within layouts/application (Duration: 4.7ms | GC: 0.0ms)
  Rendered layout layouts/application.html.erb (Duration: 7.1ms | GC: 0.0ms)
Completed 200 OK in 13ms (Views: 8.7ms | ActiveRecord: 0.0ms (0 queries, 0 cached) | GC: 0.0ms)


Started POST "/flights/search" for 127.0.0.1 at 2026-04-10 13:01:01 -0400
Processing by FlightsController#search as HTML
  Parameters: {"authenticity_token" => "[FILTERED]", "origin" => "JFK", "destination" => "LAX", "start_date" => "2026-04-10", "end_date" => "2026-04-10", "commit" => "Search flights"}
  Rendering layout layouts/application.html.erb
  Rendering flights/index.html.erb within layouts/application
  [1m[36mFlight Exists? (0.5ms)[0m  [1m[34mSELECT 1 AS one FROM "flight" INNER JOIN "flightservice" ON "flightservice"."flight_number" = "flight"."flight_number" LEFT OUTER JOIN "aircraft" ON "aircraft"."plane_type" = "flight"."plane_type" WHERE "flightservice"."origin_code" = 'JFK' AND "flightservice"."dest_code" = 'LAX' AND "flight"."departure_date" = '2026-04-10' LIMIT 1 /*action='search',application='FlightsApp',controller='flights'*/[0m
  ↳ app/views/flights/index.html.erb:29
  [1m[36mFlight Eager Load (0.2ms)[0m  [1m[34mSELECT "flight"."flight_number" AS t0_r0, "flight"."departure_date" AS t0_r1, "flight"."plane_type" AS t0_r2, "flightservice"."flight_number" AS t1_r0, "flightservice"."airline_name" AS t1_r1, "flightservice"."origin_code" AS t1_r2, "flightservice"."dest_code" AS t1_r3, "flightservice"."departure_time" AS t1_r4, "flightservice"."duration" AS t1_r5, "aircraft"."plane_type" AS t2_r0, "aircraft"."capacity" AS t2_r1 FROM "flight" INNER JOIN "flightservice" ON "flightservice"."flight_number" = "flight"."flight_number" LEFT OUTER JOIN "aircraft" ON "aircraft"."plane_type" = "flight"."plane_type" WHERE "flightservice"."origin_code" = 'JFK' AND "flightservice"."dest_code" = 'LAX' AND "flight"."departure_date" = '2026-04-10' ORDER BY "flight"."departure_date" ASC, "flight"."flight_number" ASC /*action='search',application='FlightsApp',controller='flights'*/[0m
  ↳ app/views/flights/index.html.erb:43
  Rendered flights/index.html.erb within layouts/application (Duration: 14.3ms | GC: 0.0ms)
  Rendered layout layouts/application.html.erb (Duration: 14.7ms | GC: 0.0ms)
Completed 200 OK in 32ms (Views: 12.7ms | ActiveRecord: 5.8ms (2 queries, 0 cached) | GC: 0.0ms)


Started GET "/flights/AA101/2026-04-10" for 127.0.0.1 at 2026-04-10 13:01:04 -0400
Processing by FlightsController#show as HTML
  Parameters: {"flight_number" => "AA101", "departure_date" => "2026-04-10"}
  [1m[36mFlight Load (0.4ms)[0m  [1m[34mSELECT "flight".* FROM "flight" WHERE "flight"."flight_number" = 'AA101' AND "flight"."departure_date" = '2026-04-10' LIMIT 1 /*action='show',application='FlightsApp',controller='flights'*/[0m
  ↳ app/controllers/flights_controller.rb:58:in 'FlightsController#show'
  [1m[36mFlightService Load (0.2ms)[0m  [1m[34mSELECT "flightservice".* FROM "flightservice" WHERE "flightservice"."flight_number" = 'AA101' /*action='show',application='FlightsApp',controller='flights'*/[0m
  ↳ app/controllers/flights_controller.rb:58:in 'FlightsController#show'
  [1m[36mAircraft Load (0.2ms)[0m  [1m[34mSELECT "aircraft".* FROM "aircraft" WHERE "aircraft"."plane_type" = 'Boeing 737' /*action='show',application='FlightsApp',controller='flights'*/[0m
  ↳ app/controllers/flights_controller.rb:58:in 'FlightsController#show'
  Rendering layout layouts/application.html.erb
  Rendering flights/show.html.erb within layouts/application
  [1m[36mBooking Count (0.3ms)[0m  [1m[34mSELECT COUNT(*) FROM "booking" WHERE "booking"."flight_number" = 'AA101' AND "booking"."departure_date" = '2026-04-10' /*action='show',application='FlightsApp',controller='flights'*/[0m
  ↳ app/models/flight.rb:20:in 'Flight#booked_seats_count'
  [1m[36mCACHE Booking Count (0.0ms)[0m  [1m[34mSELECT COUNT(*) FROM "booking" WHERE "booking"."flight_number" = 'AA101' AND "booking"."departure_date" = '2026-04-10'[0m
  ↳ app/models/flight.rb:20:in 'Flight#booked_seats_count'
  Rendered flights/show.html.erb within layouts/application (Duration: 3.4ms | GC: 0.0ms)
  Rendered layout layouts/application.html.erb (Duration: 4.1ms | GC: 0.0ms)
Completed 200 OK in 9ms (Views: 3.6ms | ActiveRecord: 1.6ms (5 queries, 1 cached) | GC: 0.0ms)


Started GET "/" for 127.0.0.1 at 2026-04-10 13:02:51 -0400
  [1m[35m (17.0ms)[0m  [1m[35mCREATE TABLE "schema_migrations" ("version" character varying NOT NULL PRIMARY KEY) /*application='FlightsApp'*/[0m
  [1m[35m (14.3ms)[0m  [1m[35mCREATE TABLE "ar_internal_metadata" ("key" character varying NOT NULL PRIMARY KEY, "value" character varying, "created_at" timestamp(6) NOT NULL, "updated_at" timestamp(6) NOT NULL) /*application='FlightsApp'*/[0m
  [1m[36mActiveRecord::SchemaMigration Load (0.4ms)[0m  [1m[34mSELECT "schema_migrations"."version" FROM "schema_migrations" ORDER BY "schema_migrations"."version" ASC /*application='FlightsApp'*/[0m
Processing by FlightsController#index as HTML
  Rendering layout layouts/application.html.erb
  Rendering flights/index.html.erb within layouts/application
  Rendered flights/index.html.erb within layouts/application (Duration: 4.3ms | GC: 0.4ms)
  Rendered layout layouts/application.html.erb (Duration: 6.5ms | GC: 0.4ms)
Completed 200 OK in 13ms (Views: 8.2ms | ActiveRecord: 0.0ms (0 queries, 0 cached) | GC: 1.2ms)


Started POST "/flights/search" for 127.0.0.1 at 2026-04-10 13:02:56 -0400
Processing by FlightsController#search as HTML
  Parameters: {"authenticity_token" => "[FILTERED]", "origin" => "JFK", "destination" => "LAX", "start_date" => "2026-04-10", "end_date" => "2026-04-10", "commit" => "Search flights"}
  Rendering layout layouts/application.html.erb
  Rendering flights/index.html.erb within layouts/application
  [1m[36mFlight Exists? (0.7ms)[0m  [1m[34mSELECT 1 AS one FROM "flight" INNER JOIN "flightservice" ON "flightservice"."flight_number" = "flight"."flight_number" LEFT OUTER JOIN "aircraft" ON "aircraft"."plane_type" = "flight"."plane_type" WHERE "flightservice"."origin_code" = 'JFK' AND "flightservice"."dest_code" = 'LAX' AND "flight"."departure_date" = '2026-04-10' LIMIT 1 /*action='search',application='FlightsApp',controller='flights'*/[0m
  ↳ app/views/flights/index.html.erb:29
  [1m[36mFlight Eager Load (0.4ms)[0m  [1m[34mSELECT "flight"."flight_number" AS t0_r0, "flight"."departure_date" AS t0_r1, "flight"."plane_type" AS t0_r2, "flightservice"."flight_number" AS t1_r0, "flightservice"."airline_name" AS t1_r1, "flightservice"."origin_code" AS t1_r2, "flightservice"."dest_code" AS t1_r3, "flightservice"."departure_time" AS t1_r4, "flightservice"."duration" AS t1_r5, "aircraft"."plane_type" AS t2_r0, "aircraft"."capacity" AS t2_r1 FROM "flight" INNER JOIN "flightservice" ON "flightservice"."flight_number" = "flight"."flight_number" LEFT OUTER JOIN "aircraft" ON "aircraft"."plane_type" = "flight"."plane_type" WHERE "flightservice"."origin_code" = 'JFK' AND "flightservice"."dest_code" = 'LAX' AND "flight"."departure_date" = '2026-04-10' ORDER BY "flight"."departure_date" ASC, "flight"."flight_number" ASC /*action='search',application='FlightsApp',controller='flights'*/[0m
  ↳ app/views/flights/index.html.erb:43
  Rendered flights/index.html.erb within layouts/application (Duration: 16.2ms | GC: 0.0ms)
  Rendered layout layouts/application.html.erb (Duration: 16.7ms | GC: 0.0ms)
Completed 200 OK in 35ms (Views: 14.4ms | ActiveRecord: 6.3ms (2 queries, 0 cached) | GC: 0.0ms)


Started GET "/" for 127.0.0.1 at 2026-04-10 13:04:50 -0400
  [1m[35m (21.9ms)[0m  [1m[35mCREATE TABLE "schema_migrations" ("version" character varying NOT NULL PRIMARY KEY) /*application='FlightsApp'*/[0m
  [1m[35m (13.3ms)[0m  [1m[35mCREATE TABLE "ar_internal_metadata" ("key" character varying NOT NULL PRIMARY KEY, "value" character varying, "created_at" timestamp(6) NOT NULL, "updated_at" timestamp(6) NOT NULL) /*application='FlightsApp'*/[0m
  [1m[36mActiveRecord::SchemaMigration Load (0.4ms)[0m  [1m[34mSELECT "schema_migrations"."version" FROM "schema_migrations" ORDER BY "schema_migrations"."version" ASC /*application='FlightsApp'*/[0m
Processing by FlightsController#index as HTML
  Rendering layout layouts/application.html.erb
  Rendering flights/index.html.erb within layouts/application
  Rendered flights/index.html.erb within layouts/application (Duration: 4.3ms | GC: 0.0ms)
  Rendered layout layouts/application.html.erb (Duration: 6.9ms | GC: 0.0ms)
Completed 200 OK in 15ms (Views: 8.6ms | ActiveRecord: 0.0ms (0 queries, 0 cached) | GC: 0.0ms)


Started POST "/flights/search" for 127.0.0.1 at 2026-04-10 13:04:55 -0400
Processing by FlightsController#search as HTML
  Parameters: {"authenticity_token" => "[FILTERED]", "origin" => "JFK", "destination" => "LAX", "start_date" => "2026-04-10", "end_date" => "2026-04-10", "commit" => "Search flights"}
  Rendering layout layouts/application.html.erb
  Rendering flights/index.html.erb within layouts/application
  [1m[36mFlight Exists? (0.4ms)[0m  [1m[34mSELECT 1 AS one FROM "flight" INNER JOIN "flightservice" ON "flightservice"."flight_number" = "flight"."flight_number" LEFT OUTER JOIN "aircraft" ON "aircraft"."plane_type" = "flight"."plane_type" WHERE "flightservice"."origin_code" = 'JFK' AND "flightservice"."dest_code" = 'LAX' AND "flight"."departure_date" = '2026-04-10' LIMIT 1 /*action='search',application='FlightsApp',controller='flights'*/[0m
  ↳ app/views/flights/index.html.erb:29
  [1m[36mFlight Eager Load (0.3ms)[0m  [1m[34mSELECT "flight"."flight_number" AS t0_r0, "flight"."departure_date" AS t0_r1, "flight"."plane_type" AS t0_r2, "flightservice"."flight_number" AS t1_r0, "flightservice"."airline_name" AS t1_r1, "flightservice"."origin_code" AS t1_r2, "flightservice"."dest_code" AS t1_r3, "flightservice"."departure_time" AS t1_r4, "flightservice"."duration" AS t1_r5, "aircraft"."plane_type" AS t2_r0, "aircraft"."capacity" AS t2_r1 FROM "flight" INNER JOIN "flightservice" ON "flightservice"."flight_number" = "flight"."flight_number" LEFT OUTER JOIN "aircraft" ON "aircraft"."plane_type" = "flight"."plane_type" WHERE "flightservice"."origin_code" = 'JFK' AND "flightservice"."dest_code" = 'LAX' AND "flight"."departure_date" = '2026-04-10' ORDER BY "flight"."departure_date" ASC, "flight"."flight_number" ASC /*action='search',application='FlightsApp',controller='flights'*/[0m
  ↳ app/views/flights/index.html.erb:43
  Rendered flights/index.html.erb within layouts/application (Duration: 12.9ms | GC: 0.0ms)
  Rendered layout layouts/application.html.erb (Duration: 13.4ms | GC: 0.0ms)
Completed 200 OK in 32ms (Views: 12.1ms | ActiveRecord: 5.3ms (2 queries, 0 cached) | GC: 0.0ms)


Started GET "/flights/AA101/2026-04-10" for 127.0.0.1 at 2026-04-10 13:04:57 -0400
Processing by FlightsController#show as HTML
  Parameters: {"flight_number" => "AA101", "departure_date" => "2026-04-10"}
  [1m[36mFlight Load (0.3ms)[0m  [1m[34mSELECT "flight".* FROM "flight" WHERE "flight"."flight_number" = 'AA101' AND "flight"."departure_date" = '2026-04-10' LIMIT 1 /*action='show',application='FlightsApp',controller='flights'*/[0m
  ↳ app/controllers/flights_controller.rb:58:in 'FlightsController#show'
  [1m[36mFlightService Load (0.1ms)[0m  [1m[34mSELECT "flightservice".* FROM "flightservice" WHERE "flightservice"."flight_number" = 'AA101' /*action='show',application='FlightsApp',controller='flights'*/[0m
  ↳ app/controllers/flights_controller.rb:58:in 'FlightsController#show'
  [1m[36mAircraft Load (0.1ms)[0m  [1m[34mSELECT "aircraft".* FROM "aircraft" WHERE "aircraft"."plane_type" = 'Boeing 737' /*action='show',application='FlightsApp',controller='flights'*/[0m
  ↳ app/controllers/flights_controller.rb:58:in 'FlightsController#show'
  Rendering layout layouts/application.html.erb
  Rendering flights/show.html.erb within layouts/application
  [1m[36mBooking Count (0.3ms)[0m  [1m[34mSELECT COUNT(*) FROM "booking" WHERE "booking"."flight_number" = 'AA101' AND "booking"."departure_date" = '2026-04-10' /*action='show',application='FlightsApp',controller='flights'*/[0m
  ↳ app/models/flight.rb:20:in 'Flight#booked_seats_count'
  [1m[36mCACHE Booking Count (0.0ms)[0m  [1m[34mSELECT COUNT(*) FROM "booking" WHERE "booking"."flight_number" = 'AA101' AND "booking"."departure_date" = '2026-04-10'[0m
  ↳ app/models/flight.rb:20:in 'Flight#booked_seats_count'
  Rendered flights/show.html.erb within layouts/application (Duration: 3.4ms | GC: 0.0ms)
  Rendered layout layouts/application.html.erb (Duration: 4.1ms | GC: 0.0ms)
Completed 200 OK in 9ms (Views: 3.6ms | ActiveRecord: 1.2ms (5 queries, 1 cached) | GC: 0.0ms)


Started GET "/" for 127.0.0.1 at 2026-04-10 13:08:58 -0400
  [1m[35m (22.2ms)[0m  [1m[35mCREATE TABLE "schema_migrations" ("version" character varying NOT NULL PRIMARY KEY) /*application='FlightsApp'*/[0m
  [1m[35m (13.5ms)[0m  [1m[35mCREATE TABLE "ar_internal_metadata" ("key" character varying NOT NULL PRIMARY KEY, "value" character varying, "created_at" timestamp(6) NOT NULL, "updated_at" timestamp(6) NOT NULL) /*application='FlightsApp'*/[0m
  [1m[36mActiveRecord::SchemaMigration Load (0.8ms)[0m  [1m[34mSELECT "schema_migrations"."version" FROM "schema_migrations" ORDER BY "schema_migrations"."version" ASC /*application='FlightsApp'*/[0m
Processing by FlightsController#index as HTML
  Rendering layout layouts/application.html.erb
  Rendering flights/index.html.erb within layouts/application
  Rendered flights/index.html.erb within layouts/application (Duration: 4.4ms | GC: 0.3ms)
  Rendered layout layouts/application.html.erb (Duration: 7.6ms | GC: 0.3ms)
Completed 200 OK in 15ms (Views: 9.3ms | ActiveRecord: 0.0ms (0 queries, 0 cached) | GC: 1.2ms)


Started POST "/flights/search" for 127.0.0.1 at 2026-04-10 13:09:04 -0400
Processing by FlightsController#search as HTML
  Parameters: {"authenticity_token" => "[FILTERED]", "origin" => "JFK", "destination" => "LAX", "start_date" => "2026-04-10", "end_date" => "2026-04-10", "commit" => "Search flights"}
  Rendering layout layouts/application.html.erb
  Rendering flights/index.html.erb within layouts/application
  [1m[36mFlight Exists? (0.5ms)[0m  [1m[34mSELECT 1 AS one FROM "flight" INNER JOIN "flightservice" ON "flightservice"."flight_number" = "flight"."flight_number" LEFT OUTER JOIN "aircraft" ON "aircraft"."plane_type" = "flight"."plane_type" WHERE "flightservice"."origin_code" = 'JFK' AND "flightservice"."dest_code" = 'LAX' AND "flight"."departure_date" = '2026-04-10' LIMIT 1 /*action='search',application='FlightsApp',controller='flights'*/[0m
  ↳ app/views/flights/index.html.erb:29
  [1m[36mFlight Eager Load (0.3ms)[0m  [1m[34mSELECT "flight"."flight_number" AS t0_r0, "flight"."departure_date" AS t0_r1, "flight"."plane_type" AS t0_r2, "flightservice"."flight_number" AS t1_r0, "flightservice"."airline_name" AS t1_r1, "flightservice"."origin_code" AS t1_r2, "flightservice"."dest_code" AS t1_r3, "flightservice"."departure_time" AS t1_r4, "flightservice"."duration" AS t1_r5, "aircraft"."plane_type" AS t2_r0, "aircraft"."capacity" AS t2_r1 FROM "flight" INNER JOIN "flightservice" ON "flightservice"."flight_number" = "flight"."flight_number" LEFT OUTER JOIN "aircraft" ON "aircraft"."plane_type" = "flight"."plane_type" WHERE "flightservice"."origin_code" = 'JFK' AND "flightservice"."dest_code" = 'LAX' AND "flight"."departure_date" = '2026-04-10' ORDER BY "flight"."departure_date" ASC, "flight"."flight_number" ASC /*action='search',application='FlightsApp',controller='flights'*/[0m
  ↳ app/views/flights/index.html.erb:43
  Rendered flights/index.html.erb within layouts/application (Duration: 13.6ms | GC: 0.0ms)
  Rendered layout layouts/application.html.erb (Duration: 14.1ms | GC: 0.0ms)
Completed 200 OK in 32ms (Views: 12.5ms | ActiveRecord: 5.5ms (2 queries, 0 cached) | GC: 0.0ms)


Started GET "/flights/AA101/2026-04-10" for 127.0.0.1 at 2026-04-10 13:09:07 -0400
Processing by FlightsController#show as HTML
  Parameters: {"flight_number" => "AA101", "departure_date" => "2026-04-10"}
  [1m[36mFlight Load (0.3ms)[0m  [1m[34mSELECT "flight".* FROM "flight" WHERE "flight"."flight_number" = 'AA101' AND "flight"."departure_date" = '2026-04-10' LIMIT 1 /*action='show',application='FlightsApp',controller='flights'*/[0m
  ↳ app/controllers/flights_controller.rb:58:in 'FlightsController#show'
  [1m[36mFlightService Load (0.1ms)[0m  [1m[34mSELECT "flightservice".* FROM "flightservice" WHERE "flightservice"."flight_number" = 'AA101' /*action='show',application='FlightsApp',controller='flights'*/[0m
  ↳ app/controllers/flights_controller.rb:58:in 'FlightsController#show'
  [1m[36mAircraft Load (0.1ms)[0m  [1m[34mSELECT "aircraft".* FROM "aircraft" WHERE "aircraft"."plane_type" = 'Boeing 737' /*action='show',application='FlightsApp',controller='flights'*/[0m
  ↳ app/controllers/flights_controller.rb:58:in 'FlightsController#show'
  Rendering layout layouts/application.html.erb
  Rendering flights/show.html.erb within layouts/application
  [1m[36mBooking Count (0.4ms)[0m  [1m[34mSELECT COUNT(*) FROM "booking" WHERE "booking"."flight_number" = 'AA101' AND "booking"."departure_date" = '2026-04-10' /*action='show',application='FlightsApp',controller='flights'*/[0m
  ↳ app/models/flight.rb:20:in 'Flight#booked_seats_count'
  [1m[36mCACHE Booking Count (0.0ms)[0m  [1m[34mSELECT COUNT(*) FROM "booking" WHERE "booking"."flight_number" = 'AA101' AND "booking"."departure_date" = '2026-04-10'[0m
  ↳ app/models/flight.rb:20:in 'Flight#booked_seats_count'
  Rendered flights/show.html.erb within layouts/application (Duration: 4.0ms | GC: 0.0ms)
  Rendered layout layouts/application.html.erb (Duration: 4.6ms | GC: 0.0ms)
Completed 200 OK in 10ms (Views: 4.1ms | ActiveRecord: 1.5ms (5 queries, 1 cached) | GC: 0.0ms)


Started GET "/" for 127.0.0.1 at 2026-04-10 13:32:04 -0400
  [1m[35m (22.5ms)[0m  [1m[35mCREATE TABLE "schema_migrations" ("version" character varying NOT NULL PRIMARY KEY) /*application='FlightsApp'*/[0m
  [1m[35m (13.9ms)[0m  [1m[35mCREATE TABLE "ar_internal_metadata" ("key" character varying NOT NULL PRIMARY KEY, "value" character varying, "created_at" timestamp(6) NOT NULL, "updated_at" timestamp(6) NOT NULL) /*application='FlightsApp'*/[0m
  [1m[36mActiveRecord::SchemaMigration Load (0.5ms)[0m  [1m[34mSELECT "schema_migrations"."version" FROM "schema_migrations" ORDER BY "schema_migrations"."version" ASC /*application='FlightsApp'*/[0m
Processing by FlightsController#index as HTML
  Rendering layout layouts/application.html.erb
  Rendering flights/index.html.erb within layouts/application
  Rendered flights/index.html.erb within layouts/application (Duration: 5.0ms | GC: 0.0ms)
  Rendered layout layouts/application.html.erb (Duration: 7.8ms | GC: 0.0ms)
Completed 200 OK in 14ms (Views: 9.5ms | ActiveRecord: 0.0ms (0 queries, 0 cached) | GC: 0.0ms)


Started POST "/flights/search" for 127.0.0.1 at 2026-04-10 13:32:11 -0400
Processing by FlightsController#search as HTML
  Parameters: {"authenticity_token" => "[FILTERED]", "origin" => "JFK", "destination" => "LAX", "start_date" => "2026-04-10", "end_date" => "2026-04-10", "commit" => "Search flights"}
  Rendering layout layouts/application.html.erb
  Rendering flights/index.html.erb within layouts/application
  [1m[36mFlight Exists? (0.5ms)[0m  [1m[34mSELECT 1 AS one FROM "flight" INNER JOIN "flightservice" ON "flightservice"."flight_number" = "flight"."flight_number" LEFT OUTER JOIN "aircraft" ON "aircraft"."plane_type" = "flight"."plane_type" WHERE "flightservice"."origin_code" = 'JFK' AND "flightservice"."dest_code" = 'LAX' AND "flight"."departure_date" = '2026-04-10' LIMIT 1 /*action='search',application='FlightsApp',controller='flights'*/[0m
  ↳ app/views/flights/index.html.erb:29
  [1m[36mFlight Eager Load (0.3ms)[0m  [1m[34mSELECT "flight"."flight_number" AS t0_r0, "flight"."departure_date" AS t0_r1, "flight"."plane_type" AS t0_r2, "flightservice"."flight_number" AS t1_r0, "flightservice"."airline_name" AS t1_r1, "flightservice"."origin_code" AS t1_r2, "flightservice"."dest_code" AS t1_r3, "flightservice"."departure_time" AS t1_r4, "flightservice"."duration" AS t1_r5, "aircraft"."plane_type" AS t2_r0, "aircraft"."capacity" AS t2_r1 FROM "flight" INNER JOIN "flightservice" ON "flightservice"."flight_number" = "flight"."flight_number" LEFT OUTER JOIN "aircraft" ON "aircraft"."plane_type" = "flight"."plane_type" WHERE "flightservice"."origin_code" = 'JFK' AND "flightservice"."dest_code" = 'LAX' AND "flight"."departure_date" = '2026-04-10' ORDER BY "flight"."departure_date" ASC, "flight"."flight_number" ASC /*action='search',application='FlightsApp',controller='flights'*/[0m
  ↳ app/views/flights/index.html.erb:43
  Rendered flights/index.html.erb within layouts/application (Duration: 13.7ms | GC: 0.0ms)
  Rendered layout layouts/application.html.erb (Duration: 14.1ms | GC: 0.0ms)
Completed 200 OK in 34ms (Views: 12.6ms | ActiveRecord: 5.4ms (2 queries, 0 cached) | GC: 0.0ms)


Started GET "/flights/AA101/2026-04-10" for 127.0.0.1 at 2026-04-10 13:32:12 -0400
Processing by FlightsController#show as HTML
  Parameters: {"flight_number" => "AA101", "departure_date" => "2026-04-10"}
  [1m[36mFlight Load (0.3ms)[0m  [1m[34mSELECT "flight".* FROM "flight" WHERE "flight"."flight_number" = 'AA101' AND "flight"."departure_date" = '2026-04-10' LIMIT 1 /*action='show',application='FlightsApp',controller='flights'*/[0m
  ↳ app/controllers/flights_controller.rb:58:in 'FlightsController#show'
  [1m[36mFlightService Load (0.2ms)[0m  [1m[34mSELECT "flightservice".* FROM "flightservice" WHERE "flightservice"."flight_number" = 'AA101' /*action='show',application='FlightsApp',controller='flights'*/[0m
  ↳ app/controllers/flights_controller.rb:58:in 'FlightsController#show'
  [1m[36mAircraft Load (0.5ms)[0m  [1m[34mSELECT "aircraft".* FROM "aircraft" WHERE "aircraft"."plane_type" = 'Boeing 737' /*action='show',application='FlightsApp',controller='flights'*/[0m
  ↳ app/controllers/flights_controller.rb:58:in 'FlightsController#show'
  Rendering layout layouts/application.html.erb
  Rendering flights/show.html.erb within layouts/application
  [1m[36mBooking Count (0.3ms)[0m  [1m[34mSELECT COUNT(*) FROM "booking" WHERE "booking"."flight_number" = 'AA101' AND "booking"."departure_date" = '2026-04-10' /*action='show',application='FlightsApp',controller='flights'*/[0m
  ↳ app/models/flight.rb:20:in 'Flight#booked_seats_count'
  [1m[36mCACHE Booking Count (0.0ms)[0m  [1m[34mSELECT COUNT(*) FROM "booking" WHERE "booking"."flight_number" = 'AA101' AND "booking"."departure_date" = '2026-04-10'[0m
  ↳ app/models/flight.rb:20:in 'Flight#booked_seats_count'
  Rendered flights/show.html.erb within layouts/application (Duration: 4.3ms | GC: 0.0ms)
  Rendered layout layouts/application.html.erb (Duration: 5.9ms | GC: 0.7ms)
Completed 200 OK in 26ms (Views: 5.4ms | ActiveRecord: 1.8ms (5 queries, 1 cached) | GC: 14.6ms)


Started GET "/" for 127.0.0.1 at 2026-04-10 13:51:44 -0400
  [1m[35m (14.2ms)[0m  [1m[35mCREATE TABLE "schema_migrations" ("version" character varying NOT NULL PRIMARY KEY) /*application='FlightsApp'*/[0m
  [1m[35m (14.5ms)[0m  [1m[35mCREATE TABLE "ar_internal_metadata" ("key" character varying NOT NULL PRIMARY KEY, "value" character varying, "created_at" timestamp(6) NOT NULL, "updated_at" timestamp(6) NOT NULL) /*application='FlightsApp'*/[0m
  [1m[36mActiveRecord::SchemaMigration Load (0.5ms)[0m  [1m[34mSELECT "schema_migrations"."version" FROM "schema_migrations" ORDER BY "schema_migrations"."version" ASC /*application='FlightsApp'*/[0m
Processing by FlightsController#index as HTML
  Rendering layout layouts/application.html.erb
  Rendering flights/index.html.erb within layouts/application
  Rendered flights/index.html.erb within layouts/application (Duration: 7.5ms | GC: 0.0ms)
  Rendered layout layouts/application.html.erb (Duration: 11.2ms | GC: 0.0ms)
Completed 200 OK in 22ms (Views: 14.5ms | ActiveRecord: 0.0ms (0 queries, 0 cached) | GC: 0.0ms)


Started GET "/" for 127.0.0.1 at 2026-04-10 13:51:49 -0400
Processing by FlightsController#index as HTML
  Rendering layout layouts/application.html.erb
  Rendering flights/index.html.erb within layouts/application
  Rendered flights/index.html.erb within layouts/application (Duration: 0.9ms | GC: 0.0ms)
  Rendered layout layouts/application.html.erb (Duration: 1.3ms | GC: 0.0ms)
Completed 200 OK in 2ms (Views: 1.7ms | ActiveRecord: 0.0ms (0 queries, 0 cached) | GC: 0.0ms)


Started POST "/flights/search" for 127.0.0.1 at 2026-04-10 13:52:20 -0400
Processing by FlightsController#search as HTML
  Parameters: {"authenticity_token" => "[FILTERED]", "origin" => "SFO", "destination" => "ORD", "start_date" => "2025-12-01", "end_date" => "2026-04-10", "commit" => "Search flights"}
  Rendering layout layouts/application.html.erb
  Rendering flights/index.html.erb within layouts/application
  [1m[36mFlight Exists? (0.6ms)[0m  [1m[34mSELECT 1 AS one FROM "flight" INNER JOIN "flightservice" ON "flightservice"."flight_number" = "flight"."flight_number" LEFT OUTER JOIN "aircraft" ON "aircraft"."plane_type" = "flight"."plane_type" WHERE "flightservice"."origin_code" = 'SFO' AND "flightservice"."dest_code" = 'ORD' AND "flight"."departure_date" BETWEEN '2025-12-01' AND '2026-04-10' LIMIT 1 /*action='search',application='FlightsApp',controller='flights'*/[0m
  ↳ app/views/flights/index.html.erb:29
  [1m[36mFlight Eager Load (0.4ms)[0m  [1m[34mSELECT "flight"."flight_number" AS t0_r0, "flight"."departure_date" AS t0_r1, "flight"."plane_type" AS t0_r2, "flightservice"."flight_number" AS t1_r0, "flightservice"."airline_name" AS t1_r1, "flightservice"."origin_code" AS t1_r2, "flightservice"."dest_code" AS t1_r3, "flightservice"."departure_time" AS t1_r4, "flightservice"."duration" AS t1_r5, "aircraft"."plane_type" AS t2_r0, "aircraft"."capacity" AS t2_r1 FROM "flight" INNER JOIN "flightservice" ON "flightservice"."flight_number" = "flight"."flight_number" LEFT OUTER JOIN "aircraft" ON "aircraft"."plane_type" = "flight"."plane_type" WHERE "flightservice"."origin_code" = 'SFO' AND "flightservice"."dest_code" = 'ORD' AND "flight"."departure_date" BETWEEN '2025-12-01' AND '2026-04-10' ORDER BY "flight"."departure_date" ASC, "flight"."flight_number" ASC /*action='search',application='FlightsApp',controller='flights'*/[0m
  ↳ app/views/flights/index.html.erb:43
  Rendered flights/index.html.erb within layouts/application (Duration: 17.9ms | GC: 0.0ms)
  Rendered layout layouts/application.html.erb (Duration: 18.5ms | GC: 0.0ms)
Completed 200 OK in 39ms (Views: 16.4ms | ActiveRecord: 6.3ms (2 queries, 0 cached) | GC: 0.0ms)


Started GET "/flights/UA302/2025-12-31" for 127.0.0.1 at 2026-04-10 13:52:25 -0400
Processing by FlightsController#show as HTML
  Parameters: {"flight_number" => "UA302", "departure_date" => "2025-12-31"}
  [1m[36mFlight Load (0.4ms)[0m  [1m[34mSELECT "flight".* FROM "flight" WHERE "flight"."flight_number" = 'UA302' AND "flight"."departure_date" = '2025-12-31' LIMIT 1 /*action='show',application='FlightsApp',controller='flights'*/[0m
  ↳ app/controllers/flights_controller.rb:58:in 'FlightsController#show'
  [1m[36mFlightService Load (0.2ms)[0m  [1m[34mSELECT "flightservice".* FROM "flightservice" WHERE "flightservice"."flight_number" = 'UA302' /*action='show',application='FlightsApp',controller='flights'*/[0m
  ↳ app/controllers/flights_controller.rb:58:in 'FlightsController#show'
  [1m[36mAircraft Load (0.1ms)[0m  [1m[34mSELECT "aircraft".* FROM "aircraft" WHERE "aircraft"."plane_type" = 'CRJ-200' /*action='show',application='FlightsApp',controller='flights'*/[0m
  ↳ app/controllers/flights_controller.rb:58:in 'FlightsController#show'
  Rendering layout layouts/application.html.erb
  Rendering flights/show.html.erb within layouts/application
  [1m[36mBooking Count (0.4ms)[0m  [1m[34mSELECT COUNT(*) FROM "booking" WHERE "booking"."flight_number" = 'UA302' AND "booking"."departure_date" = '2025-12-31' /*action='show',application='FlightsApp',controller='flights'*/[0m
  ↳ app/models/flight.rb:20:in 'Flight#booked_seats_count'
  [1m[36mCACHE Booking Count (0.0ms)[0m  [1m[34mSELECT COUNT(*) FROM "booking" WHERE "booking"."flight_number" = 'UA302' AND "booking"."departure_date" = '2025-12-31'[0m
  ↳ app/models/flight.rb:20:in 'Flight#booked_seats_count'
  Rendered flights/show.html.erb within layouts/application (Duration: 4.7ms | GC: 0.0ms)
  Rendered layout layouts/application.html.erb (Duration: 5.7ms | GC: 0.0ms)
Completed 200 OK in 13ms (Views: 5.0ms | ActiveRecord: 1.8ms (5 queries, 1 cached) | GC: 0.0ms)


Started GET "/" for 127.0.0.1 at 2026-04-10 13:53:54 -0400
  [1m[35m (22.3ms)[0m  [1m[35mCREATE TABLE "schema_migrations" ("version" character varying NOT NULL PRIMARY KEY) /*application='FlightsApp'*/[0m
  [1m[35m (17.3ms)[0m  [1m[35mCREATE TABLE "ar_internal_metadata" ("key" character varying NOT NULL PRIMARY KEY, "value" character varying, "created_at" timestamp(6) NOT NULL, "updated_at" timestamp(6) NOT NULL) /*application='FlightsApp'*/[0m
  [1m[36mActiveRecord::SchemaMigration Load (0.5ms)[0m  [1m[34mSELECT "schema_migrations"."version" FROM "schema_migrations" ORDER BY "schema_migrations"."version" ASC /*application='FlightsApp'*/[0m
Processing by FlightsController#index as HTML
  Rendering layout layouts/application.html.erb
  Rendering flights/index.html.erb within layouts/application
  Rendered flights/index.html.erb within layouts/application (Duration: 4.7ms | GC: 0.0ms)
  Rendered layout layouts/application.html.erb (Duration: 6.9ms | GC: 0.0ms)
Completed 200 OK in 13ms (Views: 8.9ms | ActiveRecord: 0.0ms (0 queries, 0 cached) | GC: 0.0ms)


Started POST "/flights/search" for 127.0.0.1 at 2026-04-10 13:54:40 -0400
Processing by FlightsController#search as HTML
  Parameters: {"authenticity_token" => "[FILTERED]", "origin" => "JFK", "destination" => "LAX", "start_date" => "2025-12-01", "end_date" => "2025-12-31", "commit" => "Search flights"}
  Rendering layout layouts/application.html.erb
  Rendering flights/index.html.erb within layouts/application
  [1m[36mFlight Exists? (1.1ms)[0m  [1m[34mSELECT 1 AS one FROM "flight" INNER JOIN "flightservice" ON "flightservice"."flight_number" = "flight"."flight_number" LEFT OUTER JOIN "aircraft" ON "aircraft"."plane_type" = "flight"."plane_type" WHERE "flightservice"."origin_code" = 'JFK' AND "flightservice"."dest_code" = 'LAX' AND "flight"."departure_date" BETWEEN '2025-12-01' AND '2025-12-31' LIMIT 1 /*action='search',application='FlightsApp',controller='flights'*/[0m
  ↳ app/views/flights/index.html.erb:29
  [1m[36mFlight Eager Load (0.3ms)[0m  [1m[34mSELECT "flight"."flight_number" AS t0_r0, "flight"."departure_date" AS t0_r1, "flight"."plane_type" AS t0_r2, "flightservice"."flight_number" AS t1_r0, "flightservice"."airline_name" AS t1_r1, "flightservice"."origin_code" AS t1_r2, "flightservice"."dest_code" AS t1_r3, "flightservice"."departure_time" AS t1_r4, "flightservice"."duration" AS t1_r5, "aircraft"."plane_type" AS t2_r0, "aircraft"."capacity" AS t2_r1 FROM "flight" INNER JOIN "flightservice" ON "flightservice"."flight_number" = "flight"."flight_number" LEFT OUTER JOIN "aircraft" ON "aircraft"."plane_type" = "flight"."plane_type" WHERE "flightservice"."origin_code" = 'JFK' AND "flightservice"."dest_code" = 'LAX' AND "flight"."departure_date" BETWEEN '2025-12-01' AND '2025-12-31' ORDER BY "flight"."departure_date" ASC, "flight"."flight_number" ASC /*action='search',application='FlightsApp',controller='flights'*/[0m
  ↳ app/views/flights/index.html.erb:43
  Rendered flights/index.html.erb within layouts/application (Duration: 18.4ms | GC: 0.0ms)
  Rendered layout layouts/application.html.erb (Duration: 19.0ms | GC: 0.0ms)
Completed 200 OK in 40ms (Views: 16.5ms | ActiveRecord: 6.6ms (2 queries, 0 cached) | GC: 0.0ms)


Started GET "/flights/AA101/2025-12-30" for 127.0.0.1 at 2026-04-10 13:55:02 -0400
Processing by FlightsController#show as HTML
  Parameters: {"flight_number" => "AA101", "departure_date" => "2025-12-30"}
  [1m[36mFlight Load (0.3ms)[0m  [1m[34mSELECT "flight".* FROM "flight" WHERE "flight"."flight_number" = 'AA101' AND "flight"."departure_date" = '2025-12-30' LIMIT 1 /*action='show',application='FlightsApp',controller='flights'*/[0m
  ↳ app/controllers/flights_controller.rb:58:in 'FlightsController#show'
  [1m[36mFlightService Load (0.3ms)[0m  [1m[34mSELECT "flightservice".* FROM "flightservice" WHERE "flightservice"."flight_number" = 'AA101' /*action='show',application='FlightsApp',controller='flights'*/[0m
  ↳ app/controllers/flights_controller.rb:58:in 'FlightsController#show'
  [1m[36mAircraft Load (0.2ms)[0m  [1m[34mSELECT "aircraft".* FROM "aircraft" WHERE "aircraft"."plane_type" = 'Airbus A320' /*action='show',application='FlightsApp',controller='flights'*/[0m
  ↳ app/controllers/flights_controller.rb:58:in 'FlightsController#show'
  Rendering layout layouts/application.html.erb
  Rendering flights/show.html.erb within layouts/application
  [1m[36mBooking Count (0.3ms)[0m  [1m[34mSELECT COUNT(*) FROM "booking" WHERE "booking"."flight_number" = 'AA101' AND "booking"."departure_date" = '2025-12-30' /*action='show',application='FlightsApp',controller='flights'*/[0m
  ↳ app/models/flight.rb:20:in 'Flight#booked_seats_count'
  [1m[36mCACHE Booking Count (0.0ms)[0m  [1m[34mSELECT COUNT(*) FROM "booking" WHERE "booking"."flight_number" = 'AA101' AND "booking"."departure_date" = '2025-12-30'[0m
  ↳ app/models/flight.rb:20:in 'Flight#booked_seats_count'
  Rendered flights/show.html.erb within layouts/application (Duration: 6.2ms | GC: 0.8ms)
  Rendered layout layouts/application.html.erb (Duration: 7.2ms | GC: 0.8ms)
Completed 200 OK in 34ms (Views: 6.5ms | ActiveRecord: 2.0ms (5 queries, 1 cached) | GC: 18.9ms)


Started GET "/flights/AA101/2025-12-30" for 127.0.0.1 at 2026-04-10 13:55:06 -0400
Processing by FlightsController#show as HTML
  Parameters: {"flight_number" => "AA101", "departure_date" => "2025-12-30"}
  [1m[36mFlight Load (0.4ms)[0m  [1m[34mSELECT "flight".* FROM "flight" WHERE "flight"."flight_number" = 'AA101' AND "flight"."departure_date" = '2025-12-30' LIMIT 1 /*action='show',application='FlightsApp',controller='flights'*/[0m
  ↳ app/controllers/flights_controller.rb:58:in 'FlightsController#show'
  [1m[36mFlightService Load (0.2ms)[0m  [1m[34mSELECT "flightservice".* FROM "flightservice" WHERE "flightservice"."flight_number" = 'AA101' /*action='show',application='FlightsApp',controller='flights'*/[0m
  ↳ app/controllers/flights_controller.rb:58:in 'FlightsController#show'
  [1m[36mAircraft Load (0.1ms)[0m  [1m[34mSELECT "aircraft".* FROM "aircraft" WHERE "aircraft"."plane_type" = 'Airbus A320' /*action='show',application='FlightsApp',controller='flights'*/[0m
  ↳ app/controllers/flights_controller.rb:58:in 'FlightsController#show'
  Rendering layout layouts/application.html.erb
  Rendering flights/show.html.erb within layouts/application
  [1m[36mBooking Count (0.2ms)[0m  [1m[34mSELECT COUNT(*) FROM "booking" WHERE "booking"."flight_number" = 'AA101' AND "booking"."departure_date" = '2025-12-30' /*action='show',application='FlightsApp',controller='flights'*/[0m
  ↳ app/models/flight.rb:20:in 'Flight#booked_seats_count'
  [1m[36mCACHE Booking Count (0.0ms)[0m  [1m[34mSELECT COUNT(*) FROM "booking" WHERE "booking"."flight_number" = 'AA101' AND "booking"."departure_date" = '2025-12-30'[0m
  ↳ app/models/flight.rb:20:in 'Flight#booked_seats_count'
  Rendered flights/show.html.erb within layouts/application (Duration: 1.6ms | GC: 0.0ms)
  Rendered layout layouts/application.html.erb (Duration: 2.3ms | GC: 0.0ms)
Completed 200 OK in 8ms (Views: 2.4ms | ActiveRecord: 0.8ms (5 queries, 1 cached) | GC: 0.7ms)


